Determining if the pthread_create exist failed with the following output:
Change Dir: /home/alexander/Documents/catkin_ws/build/CMakeFiles/CMakeTmp

Run Build Command:"/usr/bin/make" "cmTC_cb584/fast"
/usr/bin/make -f CMakeFiles/cmTC_cb584.dir/build.make CMakeFiles/cmTC_cb584.dir/build
make[1]: Entering directory '/home/alexander/Documents/catkin_ws/build/CMakeFiles/CMakeTmp'
Building C object CMakeFiles/cmTC_cb584.dir/CheckSymbolExists.c.o
/usr/bin/cc    -o CMakeFiles/cmTC_cb584.dir/CheckSymbolExists.c.o   -c /home/alexander/Documents/catkin_ws/build/CMakeFiles/CMakeTmp/CheckSymbolExists.c
Linking C executable cmTC_cb584
/usr/bin/cmake -E cmake_link_script CMakeFiles/cmTC_cb584.dir/link.txt --verbose=1
/usr/bin/cc      -rdynamic CMakeFiles/cmTC_cb584.dir/CheckSymbolExists.c.o  -o cmTC_cb584 
CMakeFiles/cmTC_cb584.dir/CheckSymbolExists.c.o: In function `main':
CheckSymbolExists.c:(.text+0x14): undefined reference to `pthread_create'
CheckSymbolExists.c:(.text+0x18): undefined reference to `pthread_create'
collect2: error: ld returned 1 exit status
CMakeFiles/cmTC_cb584.dir/build.make:97: recipe for target 'cmTC_cb584' failed
make[1]: *** [cmTC_cb584] Error 1
make[1]: Leaving directory '/home/alexander/Documents/catkin_ws/build/CMakeFiles/CMakeTmp'
Makefile:126: recipe for target 'cmTC_cb584/fast' failed
make: *** [cmTC_cb584/fast] Error 2

File /home/alexander/Documents/catkin_ws/build/CMakeFiles/CMakeTmp/CheckSymbolExists.c:
/* */
#include <pthread.h>

int main(int argc, char** argv)
{
  (void)argv;
#ifndef pthread_create
  return ((int*)(&pthread_create))[argc];
#else
  (void)argc;
  return 0;
#endif
}

Determining if the function pthread_create exists in the pthreads failed with the following output:
Change Dir: /home/alexander/Documents/catkin_ws/build/CMakeFiles/CMakeTmp

Run Build Command:"/usr/bin/make" "cmTC_29c98/fast"
/usr/bin/make -f CMakeFiles/cmTC_29c98.dir/build.make CMakeFiles/cmTC_29c98.dir/build
make[1]: Entering directory '/home/alexander/Documents/catkin_ws/build/CMakeFiles/CMakeTmp'
Building C object CMakeFiles/cmTC_29c98.dir/CheckFunctionExists.c.o
/usr/bin/cc   -DCHECK_FUNCTION_EXISTS=pthread_create   -o CMakeFiles/cmTC_29c98.dir/CheckFunctionExists.c.o   -c /usr/share/cmake-3.10/Modules/CheckFunctionExists.c
Linking C executable cmTC_29c98
/usr/bin/cmake -E cmake_link_script CMakeFiles/cmTC_29c98.dir/link.txt --verbose=1
/usr/bin/cc  -DCHECK_FUNCTION_EXISTS=pthread_create    -rdynamic CMakeFiles/cmTC_29c98.dir/CheckFunctionExists.c.o  -o cmTC_29c98 -lpthreads 
/usr/bin/ld: cannot find -lpthreads
collect2: error: ld returned 1 exit status
CMakeFiles/cmTC_29c98.dir/build.make:97: recipe for target 'cmTC_29c98' failed
make[1]: *** [cmTC_29c98] Error 1
make[1]: Leaving directory '/home/alexander/Documents/catkin_ws/build/CMakeFiles/CMakeTmp'
Makefile:126: recipe for target 'cmTC_29c98/fast' failed
make: *** [cmTC_29c98/fast] Error 2


